0 info it worked if it ends with ok
1 verbose cli [ 'node', '/usr/local/bin/npm', 'install', '-g', 'ios-sim' ]
2 info using npm@1.3.8
3 info using node@v0.10.18
4 verbose cache add [ 'ios-sim', null ]
5 verbose cache add name=undefined spec="ios-sim" args=["ios-sim",null]
6 verbose parsed url { protocol: null,
6 verbose parsed url   slashes: null,
6 verbose parsed url   auth: null,
6 verbose parsed url   host: null,
6 verbose parsed url   port: null,
6 verbose parsed url   hostname: null,
6 verbose parsed url   hash: null,
6 verbose parsed url   search: null,
6 verbose parsed url   query: null,
6 verbose parsed url   pathname: 'ios-sim',
6 verbose parsed url   path: 'ios-sim',
6 verbose parsed url   href: 'ios-sim' }
7 silly lockFile 6af69284-ios-sim ios-sim
8 verbose lock ios-sim /Users/alexiskatigbak/.npm/6af69284-ios-sim.lock
9 silly lockFile 6af69284-ios-sim ios-sim
10 silly lockFile 6af69284-ios-sim ios-sim
11 verbose addNamed [ 'ios-sim', '' ]
12 verbose addNamed [ null, '*' ]
13 silly lockFile 03dce7cc-ios-sim ios-sim@
14 verbose lock ios-sim@ /Users/alexiskatigbak/.npm/03dce7cc-ios-sim.lock
15 silly addNameRange { name: 'ios-sim', range: '*', hasData: false }
16 verbose url raw ios-sim
17 verbose url resolving [ 'https://registry.npmjs.org/', './ios-sim' ]
18 verbose url resolved https://registry.npmjs.org/ios-sim
19 info trying registry request attempt 1 at 20:58:42
20 http GET https://registry.npmjs.org/ios-sim
21 http 200 https://registry.npmjs.org/ios-sim
22 silly registry.get cb [ 200,
22 silly registry.get   { vary: 'Accept',
22 silly registry.get     server: 'CouchDB/1.3.1 (Erlang OTP/R15B03)',
22 silly registry.get     etag: '"E8MLBTAEA3A1QND58TKJOHD3T"',
22 silly registry.get     date: 'Mon, 07 Oct 2013 03:58:38 GMT',
22 silly registry.get     'content-type': 'application/json',
22 silly registry.get     'content-length': '9749' } ]
23 silly addNameRange number 2 { name: 'ios-sim', range: '*', hasData: true }
24 silly addNameRange versions [ 'ios-sim', [ '1.8.0', '1.8.1', '1.8.2' ] ]
25 verbose addNamed [ 'ios-sim', '1.8.2' ]
26 verbose addNamed [ '1.8.2', '1.8.2' ]
27 silly lockFile 6feb539f-ios-sim-1-8-2 ios-sim@1.8.2
28 verbose lock ios-sim@1.8.2 /Users/alexiskatigbak/.npm/6feb539f-ios-sim-1-8-2.lock
29 silly lockFile d30bfba7-js-org-ios-sim-ios-sim-1-8-2-tgz https://registry.npmjs.org/ios-sim/-/ios-sim-1.8.2.tgz
30 verbose lock https://registry.npmjs.org/ios-sim/-/ios-sim-1.8.2.tgz /Users/alexiskatigbak/.npm/d30bfba7-js-org-ios-sim-ios-sim-1-8-2-tgz.lock
31 verbose addRemoteTarball [ 'https://registry.npmjs.org/ios-sim/-/ios-sim-1.8.2.tgz',
31 verbose addRemoteTarball   '43978d6ca2628f51689486cc92704c212a86d7e0' ]
32 info retry fetch attempt 1 at 20:58:42
33 verbose fetch to= /var/folders/6b/_f2bsrrd42l7p01xhnb1nf_r0000gn/T/npm-7356-gCDai2mB/1381118322967-0.7277520450297743/tmp.tgz
34 http GET https://registry.npmjs.org/ios-sim/-/ios-sim-1.8.2.tgz
35 http 200 https://registry.npmjs.org/ios-sim/-/ios-sim-1.8.2.tgz
36 verbose tar unpack /var/folders/6b/_f2bsrrd42l7p01xhnb1nf_r0000gn/T/npm-7356-gCDai2mB/1381118322967-0.7277520450297743/tmp.tgz
37 silly lockFile 17657ec6-22967-0-7277520450297743-package tar:///var/folders/6b/_f2bsrrd42l7p01xhnb1nf_r0000gn/T/npm-7356-gCDai2mB/1381118322967-0.7277520450297743/package
38 verbose lock tar:///var/folders/6b/_f2bsrrd42l7p01xhnb1nf_r0000gn/T/npm-7356-gCDai2mB/1381118322967-0.7277520450297743/package /Users/alexiskatigbak/.npm/17657ec6-22967-0-7277520450297743-package.lock
39 silly lockFile 084e2507-22967-0-7277520450297743-tmp-tgz tar:///var/folders/6b/_f2bsrrd42l7p01xhnb1nf_r0000gn/T/npm-7356-gCDai2mB/1381118322967-0.7277520450297743/tmp.tgz
40 verbose lock tar:///var/folders/6b/_f2bsrrd42l7p01xhnb1nf_r0000gn/T/npm-7356-gCDai2mB/1381118322967-0.7277520450297743/tmp.tgz /Users/alexiskatigbak/.npm/084e2507-22967-0-7277520450297743-tmp-tgz.lock
41 silly gunzTarPerm modes [ '755', '644' ]
42 silly gunzTarPerm extractEntry package.json
43 silly gunzTarPerm extractEntry .npmignore
44 silly gunzTarPerm extractEntry README.md
45 silly gunzTarPerm extractEntry LICENSE
46 silly gunzTarPerm extractEntry README.template.md
47 silly gunzTarPerm extractEntry Rakefile
48 silly gunzTarPerm extractEntry iPhoneSimulatorRemoteClient/iPhoneSimulatorRemoteClient.h
49 silly gunzTarPerm extractEntry ios-sim.xcconfig
50 silly gunzTarPerm extractEntry ios-sim.xcodeproj/.npmignore
51 silly gunzTarPerm extractEntry ios-sim.xcodeproj/project.pbxproj
52 silly gunzTarPerm extractEntry ios-sim_Prefix.pch
53 silly gunzTarPerm extractEntry Source/.npmignore
54 silly gunzTarPerm extractEntry Source/NSString+expandPath.h
55 silly gunzTarPerm extractEntry Source/NSString+expandPath.m
56 silly gunzTarPerm extractEntry Source/iPhoneSimulator.h
57 silly gunzTarPerm extractEntry Source/iPhoneSimulator.m
58 silly gunzTarPerm extractEntry Source/main.m
59 silly gunzTarPerm extractEntry Source/nsprintf.h
60 silly gunzTarPerm extractEntry Source/nsprintf.m
61 silly gunzTarPerm extractEntry Source/version.h
62 silly lockFile 17657ec6-22967-0-7277520450297743-package tar:///var/folders/6b/_f2bsrrd42l7p01xhnb1nf_r0000gn/T/npm-7356-gCDai2mB/1381118322967-0.7277520450297743/package
63 silly lockFile 17657ec6-22967-0-7277520450297743-package tar:///var/folders/6b/_f2bsrrd42l7p01xhnb1nf_r0000gn/T/npm-7356-gCDai2mB/1381118322967-0.7277520450297743/package
64 silly lockFile 084e2507-22967-0-7277520450297743-tmp-tgz tar:///var/folders/6b/_f2bsrrd42l7p01xhnb1nf_r0000gn/T/npm-7356-gCDai2mB/1381118322967-0.7277520450297743/tmp.tgz
65 silly lockFile 084e2507-22967-0-7277520450297743-tmp-tgz tar:///var/folders/6b/_f2bsrrd42l7p01xhnb1nf_r0000gn/T/npm-7356-gCDai2mB/1381118322967-0.7277520450297743/tmp.tgz
66 verbose tar pack [ '/Users/alexiskatigbak/.npm/ios-sim/1.8.2/package.tgz',
66 verbose tar pack   '/var/folders/6b/_f2bsrrd42l7p01xhnb1nf_r0000gn/T/npm-7356-gCDai2mB/1381118322967-0.7277520450297743/package' ]
67 verbose tarball /Users/alexiskatigbak/.npm/ios-sim/1.8.2/package.tgz
68 verbose folder /var/folders/6b/_f2bsrrd42l7p01xhnb1nf_r0000gn/T/npm-7356-gCDai2mB/1381118322967-0.7277520450297743/package
69 silly lockFile 17657ec6-22967-0-7277520450297743-package tar:///var/folders/6b/_f2bsrrd42l7p01xhnb1nf_r0000gn/T/npm-7356-gCDai2mB/1381118322967-0.7277520450297743/package
70 verbose lock tar:///var/folders/6b/_f2bsrrd42l7p01xhnb1nf_r0000gn/T/npm-7356-gCDai2mB/1381118322967-0.7277520450297743/package /Users/alexiskatigbak/.npm/17657ec6-22967-0-7277520450297743-package.lock
71 silly lockFile 39d7a7c4-ak-npm-ios-sim-1-8-2-package-tgz tar:///Users/alexiskatigbak/.npm/ios-sim/1.8.2/package.tgz
72 verbose lock tar:///Users/alexiskatigbak/.npm/ios-sim/1.8.2/package.tgz /Users/alexiskatigbak/.npm/39d7a7c4-ak-npm-ios-sim-1-8-2-package-tgz.lock
73 silly lockFile 17657ec6-22967-0-7277520450297743-package tar:///var/folders/6b/_f2bsrrd42l7p01xhnb1nf_r0000gn/T/npm-7356-gCDai2mB/1381118322967-0.7277520450297743/package
74 silly lockFile 17657ec6-22967-0-7277520450297743-package tar:///var/folders/6b/_f2bsrrd42l7p01xhnb1nf_r0000gn/T/npm-7356-gCDai2mB/1381118322967-0.7277520450297743/package
75 silly lockFile 39d7a7c4-ak-npm-ios-sim-1-8-2-package-tgz tar:///Users/alexiskatigbak/.npm/ios-sim/1.8.2/package.tgz
76 silly lockFile 39d7a7c4-ak-npm-ios-sim-1-8-2-package-tgz tar:///Users/alexiskatigbak/.npm/ios-sim/1.8.2/package.tgz
77 silly lockFile 4614ee55-tigbak-npm-ios-sim-1-8-2-package /Users/alexiskatigbak/.npm/ios-sim/1.8.2/package
78 verbose lock /Users/alexiskatigbak/.npm/ios-sim/1.8.2/package /Users/alexiskatigbak/.npm/4614ee55-tigbak-npm-ios-sim-1-8-2-package.lock
79 silly lockFile 4614ee55-tigbak-npm-ios-sim-1-8-2-package /Users/alexiskatigbak/.npm/ios-sim/1.8.2/package
80 silly lockFile 4614ee55-tigbak-npm-ios-sim-1-8-2-package /Users/alexiskatigbak/.npm/ios-sim/1.8.2/package
81 verbose tar unpack /Users/alexiskatigbak/.npm/ios-sim/1.8.2/package.tgz
82 silly lockFile a05d6dc0-tigbak-npm-ios-sim-1-8-2-package tar:///Users/alexiskatigbak/.npm/ios-sim/1.8.2/package
83 verbose lock tar:///Users/alexiskatigbak/.npm/ios-sim/1.8.2/package /Users/alexiskatigbak/.npm/a05d6dc0-tigbak-npm-ios-sim-1-8-2-package.lock
84 silly lockFile 39d7a7c4-ak-npm-ios-sim-1-8-2-package-tgz tar:///Users/alexiskatigbak/.npm/ios-sim/1.8.2/package.tgz
85 verbose lock tar:///Users/alexiskatigbak/.npm/ios-sim/1.8.2/package.tgz /Users/alexiskatigbak/.npm/39d7a7c4-ak-npm-ios-sim-1-8-2-package-tgz.lock
86 silly gunzTarPerm modes [ '755', '644' ]
87 silly gunzTarPerm extractEntry package.json
88 silly gunzTarPerm extractEntry .npmignore
89 silly gunzTarPerm extractEntry README.md
90 silly gunzTarPerm extractEntry LICENSE
91 silly gunzTarPerm extractEntry README.template.md
92 silly gunzTarPerm extractEntry Rakefile
93 silly gunzTarPerm extractEntry iPhoneSimulatorRemoteClient/iPhoneSimulatorRemoteClient.h
94 silly gunzTarPerm extractEntry ios-sim.xcconfig
95 silly gunzTarPerm extractEntry ios-sim.xcodeproj/.npmignore
96 silly gunzTarPerm extractEntry ios-sim.xcodeproj/project.pbxproj
97 silly gunzTarPerm extractEntry ios-sim_Prefix.pch
98 silly gunzTarPerm extractEntry Source/.npmignore
99 silly gunzTarPerm extractEntry Source/NSString+expandPath.h
100 silly gunzTarPerm extractEntry Source/NSString+expandPath.m
101 silly gunzTarPerm extractEntry Source/iPhoneSimulator.h
102 silly gunzTarPerm extractEntry Source/iPhoneSimulator.m
103 silly gunzTarPerm extractEntry Source/main.m
104 silly gunzTarPerm extractEntry Source/nsprintf.h
105 silly gunzTarPerm extractEntry Source/nsprintf.m
106 silly gunzTarPerm extractEntry Source/version.h
107 silly lockFile a05d6dc0-tigbak-npm-ios-sim-1-8-2-package tar:///Users/alexiskatigbak/.npm/ios-sim/1.8.2/package
108 silly lockFile a05d6dc0-tigbak-npm-ios-sim-1-8-2-package tar:///Users/alexiskatigbak/.npm/ios-sim/1.8.2/package
109 silly lockFile 39d7a7c4-ak-npm-ios-sim-1-8-2-package-tgz tar:///Users/alexiskatigbak/.npm/ios-sim/1.8.2/package.tgz
110 silly lockFile 39d7a7c4-ak-npm-ios-sim-1-8-2-package-tgz tar:///Users/alexiskatigbak/.npm/ios-sim/1.8.2/package.tgz
111 verbose chmod /Users/alexiskatigbak/.npm/ios-sim/1.8.2/package.tgz 644
112 verbose chown /Users/alexiskatigbak/.npm/ios-sim/1.8.2/package.tgz [ 501, 20 ]
113 silly lockFile d30bfba7-js-org-ios-sim-ios-sim-1-8-2-tgz https://registry.npmjs.org/ios-sim/-/ios-sim-1.8.2.tgz
114 silly lockFile d30bfba7-js-org-ios-sim-ios-sim-1-8-2-tgz https://registry.npmjs.org/ios-sim/-/ios-sim-1.8.2.tgz
115 silly lockFile 6feb539f-ios-sim-1-8-2 ios-sim@1.8.2
116 silly lockFile 6feb539f-ios-sim-1-8-2 ios-sim@1.8.2
117 silly lockFile 03dce7cc-ios-sim ios-sim@
118 silly lockFile 03dce7cc-ios-sim ios-sim@
119 silly resolved [ { name: 'ios-sim',
119 silly resolved     version: '1.8.2',
119 silly resolved     description: 'launch iOS apps into the iOS Simulator from the command line (Xcode 4)',
119 silly resolved     main: 'ios-sim',
119 silly resolved     scripts: { preinstall: 'rake build' },
119 silly resolved     bin: { 'ios-sim': 'build/Release/ios-sim' },
119 silly resolved     repository: { type: 'git', url: 'https://github.com/phonegap/ios-sim' },
119 silly resolved     keywords: [ 'ios-sim', 'iOS Simulator' ],
119 silly resolved     author: { name: 'Landon Fuller, Jeff Haynie, Eloy Duran, Shazron Abdullah' },
119 silly resolved     license: 'MIT',
119 silly resolved     readme: 'ios-sim\n=======\n\nThe ios-sim tool is a command-line utility that launches an iOS application on\nthe iOS Simulator. This allows for niceties such as automated testing without\nhaving to open XCode.\n\nFeatures\n--------\n\n* Choose the device family to simulate, i.e. iPhone or iPad.\n* Setup environment variables.\n* Pass arguments to the application.\n* See the stdout and stderr, or redirect them to files.\n\nSee the `--help` option for more info.\n\nInstallation\n------------\n\nThrough homebrew:\n\n    $ brew install ios-sim\n\nDownload an archive:\n\n    $ curl -L https://github.com/phonegap/ios-sim/zipball/1.8 -o ios-sim-1.8.zip\n    $ unzip ios-sim-1.8.zip\n\nOr from a git clone:\n\n    $ git clone git://github.com/phonegap/ios-sim.git\n\nThen build and install from the source root:\n\n    $ rake install prefix=/usr/local/\n\ntmux\n-----\n\nTo get ios-sim to launch correctly within tmux use the reattach-to-user-namespace wrapper.\n\n```\nreattach-to-user-namespace ios-sim launch ./build/MyTestApp.app\n```\n*source:* https://github.com/ChrisJohnsen/tmux-MacOSX-pasteboard\n\n*brew:*  ```brew install reattach-to-user-namespace```\n\nLicense\n-------\n\nOriginal author: Landon Fuller <landonf@plausiblelabs.com>\nCopyright (c) 2008-2011 Plausible Labs Cooperative, Inc.\nAll rights reserved.\n\nThis project is available under the MIT license. See [LICENSE][license].\n\n[license]: https://github.com/Fingertips/ios-sim/blob/master/LICENSE\n',
119 silly resolved     readmeFilename: 'README.md',
119 silly resolved     bugs: { url: 'https://github.com/phonegap/ios-sim/issues' },
119 silly resolved     _id: 'ios-sim@1.8.2',
119 silly resolved     dist: { shasum: 'c4adde6265f5880f0d2edbd5db839d8303ab2336' },
119 silly resolved     _from: 'ios-sim@',
119 silly resolved     _resolved: 'https://registry.npmjs.org/ios-sim/-/ios-sim-1.8.2.tgz' } ]
120 info install ios-sim@1.8.2 into /usr/local/lib
121 info installOne ios-sim@1.8.2
122 info /usr/local/lib/node_modules/ios-sim unbuild
123 verbose tar unpack /Users/alexiskatigbak/.npm/ios-sim/1.8.2/package.tgz
124 silly lockFile 5027580f-r-local-lib-node-modules-ios-sim tar:///usr/local/lib/node_modules/ios-sim
125 verbose lock tar:///usr/local/lib/node_modules/ios-sim /Users/alexiskatigbak/.npm/5027580f-r-local-lib-node-modules-ios-sim.lock
126 silly lockFile 39d7a7c4-ak-npm-ios-sim-1-8-2-package-tgz tar:///Users/alexiskatigbak/.npm/ios-sim/1.8.2/package.tgz
127 verbose lock tar:///Users/alexiskatigbak/.npm/ios-sim/1.8.2/package.tgz /Users/alexiskatigbak/.npm/39d7a7c4-ak-npm-ios-sim-1-8-2-package-tgz.lock
128 silly gunzTarPerm modes [ '755', '644' ]
129 error Error: EACCES, mkdir '/usr/local/lib/node_modules/ios-sim'
129 error  { [Error: EACCES, mkdir '/usr/local/lib/node_modules/ios-sim']
129 error   errno: 3,
129 error   code: 'EACCES',
129 error   path: '/usr/local/lib/node_modules/ios-sim',
129 error   fstream_type: 'Directory',
129 error   fstream_path: '/usr/local/lib/node_modules/ios-sim',
129 error   fstream_class: 'DirWriter',
129 error   fstream_stack:
129 error    [ '/usr/local/lib/node_modules/npm/node_modules/fstream/lib/dir-writer.js:36:23',
129 error      '/usr/local/lib/node_modules/npm/node_modules/mkdirp/index.js:37:53',
129 error      'Object.oncomplete (fs.js:107:15)' ] }
130 error Please try running this command again as root/Administrator.
131 error System Darwin 12.4.0
132 error command "node" "/usr/local/bin/npm" "install" "-g" "ios-sim"
133 error cwd /Users/alexiskatigbak/Desktop/490prog/Nugget
134 error node -v v0.10.18
135 error npm -v 1.3.8
136 error path /usr/local/lib/node_modules/ios-sim
137 error fstream_path /usr/local/lib/node_modules/ios-sim
138 error fstream_type Directory
139 error fstream_class DirWriter
140 error code EACCES
141 error errno 3
142 error stack Error: EACCES, mkdir '/usr/local/lib/node_modules/ios-sim'
143 error fstream_stack /usr/local/lib/node_modules/npm/node_modules/fstream/lib/dir-writer.js:36:23
143 error fstream_stack /usr/local/lib/node_modules/npm/node_modules/mkdirp/index.js:37:53
143 error fstream_stack Object.oncomplete (fs.js:107:15)
144 verbose exit [ 3, true ]
